#
# There is insufficient memory for the Java Runtime Environment to continue.
# Native memory allocation (malloc) failed to allocate 46560 bytes for Chunk::new
# Possible reasons:
#   The system is out of physical RAM or swap space
#   In 32 bit mode, the process size limit was hit
# Possible solutions:
#   Reduce memory load on the system
#   Increase physical memory or swap space
#   Check if swap backing store is full
#   Use 64 bit Java on a 64 bit OS
#   Decrease Java heap size (-Xmx/-Xms)
#   Decrease number of Java threads
#   Decrease Java thread stack sizes (-Xss)
#   Set larger code cache with -XX:ReservedCodeCacheSize=
# This output file may be truncated or incomplete.
#
#  Out of Memory Error (allocation.cpp:390), pid=14872, tid=0x00000000000031c4
#
# JRE version: OpenJDK Runtime Environment (8.0_152-b02) (build 1.8.0_152-release-1024-b02)
# Java VM: OpenJDK 64-Bit Server VM (25.152-b02 mixed mode windows-amd64 compressed oops)
# Failed to write core dump. Minidumps are not enabled by default on client versions of Windows
#

---------------  T H R E A D  ---------------

Current thread (0x000000001a738000):  JavaThread "C2 CompilerThread2" daemon [_thread_in_native, id=12740, stack(0x000000001db80000,0x000000001dc80000)]

Stack: [0x000000001db80000,0x000000001dc80000]
[error occurred during error reporting (printing stack bounds), id 0xc0000005]

Native frames: (J=compiled Java code, j=interpreted, Vv=VM code, C=native code)


Current CompileTask:
C2:1162571 18508       4       com.android.tools.r8.ir.conversion.JarSourceCode::traceInstruction (266 bytes)


---------------  P R O C E S S  ---------------

Java Threads: ( => current thread )
  0x0000000028ece000 JavaThread "pool-52-thread-2" [_thread_in_Java, id=19444, stack(0x00000000538e0000,0x00000000539e0000)]
  0x0000000028ecd000 JavaThread "pool-52-thread-1" [_thread_in_native, id=13444, stack(0x00000000537e0000,0x00000000538e0000)]
  0x0000000028ec8000 JavaThread "pool-43-thread-2" [_thread_blocked, id=9272, stack(0x0000000051e90000,0x0000000051f90000)]
  0x0000000028ec9800 JavaThread "pool-43-thread-1" [_thread_in_Java, id=19864, stack(0x0000000051d90000,0x0000000051e90000)]
  0x00000000256fc800 JavaThread "ForkJoinPool.commonPool-worker-25" daemon [_thread_blocked, id=6660, stack(0x0000000051c90000,0x0000000051d90000)]
  0x0000000025702800 JavaThread "pool-41-thread-2" [_thread_in_vm, id=17456, stack(0x0000000051990000,0x0000000051a90000)]
  0x0000000029237800 JavaThread "pool-41-thread-1" [_thread_blocked, id=16572, stack(0x0000000051890000,0x0000000051990000)]
  0x0000000029236000 JavaThread "ForkJoinPool.commonPool-worker-0" daemon [_thread_blocked, id=21400, stack(0x0000000051290000,0x0000000051390000)]
  0x000000002922d000 JavaThread "ForkJoinPool.commonPool-worker-7" daemon [_thread_blocked, id=14716, stack(0x0000000051090000,0x0000000051190000)]
  0x000000002bf80000 JavaThread "ForkJoinPool.commonPool-worker-14" daemon [_thread_blocked, id=24256, stack(0x000000004fd90000,0x000000004fe90000)]
  0x000000002bf7e800 JavaThread "ForkJoinPool.commonPool-worker-21" daemon [_thread_blocked, id=20072, stack(0x000000004fa90000,0x000000004fb90000)]
  0x000000002bf81800 JavaThread "ForkJoinPool.commonPool-worker-28" daemon [_thread_blocked, id=1860, stack(0x000000004f990000,0x000000004fa90000)]
  0x000000002bf73000 JavaThread "ForkJoinPool.commonPool-worker-3" daemon [_thread_blocked, id=19624, stack(0x000000004f890000,0x000000004f990000)]
  0x000000002bf76000 JavaThread "ForkJoinPool.commonPool-worker-10" daemon [_thread_blocked, id=19680, stack(0x000000004f790000,0x000000004f890000)]
  0x000000002bf75800 JavaThread "ForkJoinPool.commonPool-worker-17" daemon [_thread_blocked, id=2612, stack(0x000000004f690000,0x000000004f790000)]
  0x000000002bf77800 JavaThread "ForkJoinPool.commonPool-worker-24" daemon [_thread_blocked, id=3316, stack(0x000000004f390000,0x000000004f490000)]
  0x000000002bf77000 JavaThread "pool-25-thread-2" [_thread_in_native, id=24172, stack(0x000000004f290000,0x000000004f390000)]
  0x000000002bf78800 JavaThread "ForkJoinPool.commonPool-worker-31" daemon [_thread_blocked, id=8204, stack(0x000000004f190000,0x000000004f290000)]
  0x000000002bf7a000 JavaThread "pool-25-thread-1" [_thread_in_native, id=17088, stack(0x000000004f090000,0x000000004f190000)]
  0x00000000231aa000 JavaThread "pool-19-thread-2" [_thread_in_Java, id=20116, stack(0x000000004e390000,0x000000004e490000)]
  0x00000000231a2800 JavaThread "pool-19-thread-1" [_thread_in_Java, id=16600, stack(0x000000004e290000,0x000000004e390000)]
  0x00000000231a6000 JavaThread "pool-18-thread-2" [_thread_blocked, id=23928, stack(0x000000004e090000,0x000000004e190000)]
  0x00000000231a9000 JavaThread "pool-18-thread-1" [_thread_in_Java, id=24140, stack(0x000000004df90000,0x000000004e090000)]
  0x0000000021858000 JavaThread "ForkJoinPool.commonPool-worker-6" daemon [_thread_blocked, id=14040, stack(0x000000004d690000,0x000000004d790000)]
  0x0000000021855000 JavaThread "ForkJoinPool.commonPool-worker-13" daemon [_thread_blocked, id=2260, stack(0x000000004d590000,0x000000004d690000)]
  0x0000000021854800 JavaThread "ForkJoinPool.commonPool-worker-20" daemon [_thread_blocked, id=6244, stack(0x000000004d490000,0x000000004d590000)]
  0x000000002185b000 JavaThread "ForkJoinPool.commonPool-worker-27" daemon [_thread_blocked, id=7696, stack(0x000000004d390000,0x000000004d490000)]
  0x000000002185a800 JavaThread "ForkJoinPool.commonPool-worker-2" daemon [_thread_blocked, id=11476, stack(0x000000004d290000,0x000000004d390000)]
  0x000000002184c800 JavaThread "ForkJoinPool.commonPool-worker-9" daemon [_thread_blocked, id=7004, stack(0x000000004d190000,0x000000004d290000)]
  0x000000002184e800 JavaThread "ForkJoinPool.commonPool-worker-16" daemon [_thread_blocked, id=2040, stack(0x000000004d090000,0x000000004d190000)]
  0x0000000021853800 JavaThread "ForkJoinPool.commonPool-worker-23" daemon [_thread_blocked, id=20340, stack(0x000000004cf90000,0x000000004d090000)]
  0x000000002184c000 JavaThread "ForkJoinPool.commonPool-worker-30" daemon [_thread_blocked, id=3240, stack(0x000000004ce90000,0x000000004cf90000)]
  0x0000000021852000 JavaThread "ForkJoinPool.commonPool-worker-5" daemon [_thread_blocked, id=16744, stack(0x000000004cd90000,0x000000004ce90000)]
  0x0000000021850800 JavaThread "ForkJoinPool.commonPool-worker-12" daemon [_thread_blocked, id=13448, stack(0x000000004cc90000,0x000000004cd90000)]
  0x0000000021853000 JavaThread "ForkJoinPool.commonPool-worker-19" daemon [_thread_blocked, id=4012, stack(0x000000004cb90000,0x000000004cc90000)]
  0x000000002184f000 JavaThread "ForkJoinPool.commonPool-worker-26" daemon [_thread_blocked, id=19016, stack(0x000000004ca90000,0x000000004cb90000)]
  0x000000002184d800 JavaThread "ForkJoinPool.commonPool-worker-1" daemon [_thread_blocked, id=21020, stack(0x000000004c990000,0x000000004ca90000)]
  0x000000002319f800 JavaThread "Task worker for ':' Thread 31" [_thread_blocked, id=21600, stack(0x000000004af90000,0x000000004b090000)]
  0x000000002319e800 JavaThread "Task worker for ':' Thread 30" [_thread_blocked, id=16072, stack(0x000000004ae90000,0x000000004af90000)]
  0x000000002319c000 JavaThread "Task worker for ':' Thread 29" [_thread_blocked, id=23892, stack(0x000000004ad90000,0x000000004ae90000)]
  0x000000002319b800 JavaThread "Task worker for ':' Thread 28" [_thread_blocked, id=23824, stack(0x000000004ac90000,0x000000004ad90000)]
  0x0000000021679000 JavaThread "Task worker for ':' Thread 27" [_thread_blocked, id=20368, stack(0x000000004ab90000,0x000000004ac90000)]
  0x0000000021678800 JavaThread "Task worker for ':' Thread 26" [_thread_blocked, id=24116, stack(0x000000004aa90000,0x000000004ab90000)]
  0x0000000021677800 JavaThread "Task worker for ':' Thread 25" [_thread_blocked, id=3888, stack(0x000000004a990000,0x000000004aa90000)]
  0x0000000021677000 JavaThread "Task worker for ':' Thread 24" [_thread_blocked, id=8420, stack(0x000000004a890000,0x000000004a990000)]
  0x000000002167a000 JavaThread "Task worker for ':' Thread 23" [_thread_blocked, id=24496, stack(0x000000004a790000,0x000000004a890000)]
  0x0000000021676000 JavaThread "Task worker for ':' Thread 22" [_thread_blocked, id=18092, stack(0x000000004a690000,0x000000004a790000)]
  0x0000000021675800 JavaThread "Task worker for ':' Thread 21" [_thread_blocked, id=15744, stack(0x000000004a590000,0x000000004a690000)]
  0x000000002166d800 JavaThread "Task worker for ':' Thread 20" [_thread_blocked, id=3552, stack(0x000000004a490000,0x000000004a590000)]
  0x0000000021674800 JavaThread "Task worker for ':' Thread 19" [_thread_blocked, id=21260, stack(0x000000004a390000,0x000000004a490000)]
  0x000000002166d000 JavaThread "Task worker for ':' Thread 18" [_thread_blocked, id=23436, stack(0x000000004a290000,0x000000004a390000)]
  0x0000000021674000 JavaThread "Task worker for ':' Thread 17" [_thread_blocked, id=21556, stack(0x000000004a190000,0x000000004a290000)]
  0x0000000021673000 JavaThread "Task worker for ':' Thread 16" [_thread_blocked, id=4812, stack(0x000000004a090000,0x000000004a190000)]
  0x0000000021671000 JavaThread "Task worker for ':' Thread 15" [_thread_blocked, id=22060, stack(0x0000000049f90000,0x000000004a090000)]
  0x000000002166f000 JavaThread "Task worker for ':' Thread 14" [_thread_blocked, id=19468, stack(0x0000000049e90000,0x0000000049f90000)]
  0x0000000021672800 JavaThread "Task worker for ':' Thread 13" [_thread_blocked, id=15112, stack(0x0000000049d90000,0x0000000049e90000)]
  0x000000002166c000 JavaThread "Task worker for ':' Thread 12" [_thread_blocked, id=23924, stack(0x0000000049c90000,0x0000000049d90000)]
  0x0000000021671800 JavaThread "Task worker for ':' Thread 11" [_thread_blocked, id=15620, stack(0x0000000049b90000,0x0000000049c90000)]
  0x000000002166a800 JavaThread "Task worker for ':' Thread 10" [_thread_blocked, id=20136, stack(0x0000000049a90000,0x0000000049b90000)]
  0x000000002166b800 JavaThread "Task worker for ':' Thread 9" [_thread_blocked, id=23304, stack(0x0000000049990000,0x0000000049a90000)]
  0x00000000259f8800 JavaThread "Task worker for ':' Thread 8" [_thread_blocked, id=6792, stack(0x0000000049890000,0x0000000049990000)]
  0x00000000259f9000 JavaThread "Task worker for ':' Thread 7" [_thread_blocked, id=15676, stack(0x0000000049790000,0x0000000049890000)]
  0x00000000259f7800 JavaThread "Task worker for ':' Thread 6" [_thread_blocked, id=8456, stack(0x0000000049690000,0x0000000049790000)]
  0x00000000259f7000 JavaThread "Task worker for ':' Thread 5" [_thread_blocked, id=9720, stack(0x0000000049590000,0x0000000049690000)]
  0x00000000259f6000 JavaThread "Task worker for ':' Thread 4" [_thread_blocked, id=21312, stack(0x0000000049490000,0x0000000049590000)]
  0x00000000259f5800 JavaThread "Task worker for ':' Thread 3" [_thread_blocked, id=16760, stack(0x0000000049390000,0x0000000049490000)]
  0x00000000259ee000 JavaThread "Task worker for ':' Thread 2" [_thread_blocked, id=15864, stack(0x0000000049290000,0x0000000049390000)]
  0x00000000259f4800 JavaThread "Task worker for ':'" [_thread_blocked, id=21008, stack(0x0000000049190000,0x0000000049290000)]
  0x00000000259f2800 JavaThread "Cache worker for Build Output Cleanup Cache (C:\Users\Bailey Modlin\Documents\Github\CSCI_490_Project\.gradle\buildOutputCleanup)" [_thread_blocked, id=6728, stack(0x0000000049090000,0x0000000049190000)]
  0x00000000259ed000 JavaThread "Cache worker for task history cache (C:\Users\Bailey Modlin\Documents\Github\CSCI_490_Project\.gradle\4.4\taskHistory)" [_thread_blocked, id=22496, stack(0x0000000048f90000,0x0000000049090000)]
  0x00000000259f3000 JavaThread "Cache worker for file content cache (C:\Users\Bailey Modlin\Documents\Github\CSCI_490_Project\.gradle\4.4\fileContent)" [_thread_blocked, id=16080, stack(0x0000000048e90000,0x0000000048f90000)]
  0x00000000259f1800 JavaThread "build operations Thread 32" [_thread_blocked, id=6852, stack(0x0000000048d90000,0x0000000048e90000)]
  0x00000000259f0000 JavaThread "build operations Thread 31" [_thread_blocked, id=1560, stack(0x0000000048c90000,0x0000000048d90000)]
  0x00000000259ec800 JavaThread "build operations Thread 30" [_thread_blocked, id=16964, stack(0x0000000048b90000,0x0000000048c90000)]
  0x00000000259ea000 JavaThread "build operations Thread 29" [_thread_blocked, id=12088, stack(0x0000000048a90000,0x0000000048b90000)]
  0x00000000259eb000 JavaThread "build operations Thread 28" [_thread_blocked, id=14280, stack(0x0000000048990000,0x0000000048a90000)]
  0x00000000259ef800 JavaThread "build operations Thread 27" [_thread_blocked, id=2904, stack(0x0000000048890000,0x0000000048990000)]
  0x00000000259eb800 JavaThread "build operations Thread 26" [_thread_blocked, id=14980, stack(0x0000000048790000,0x0000000048890000)]
  0x00000000259ee800 JavaThread "build operations Thread 25" [_thread_blocked, id=12724, stack(0x0000000048690000,0x0000000048790000)]
  0x00000000252e2800 JavaThread "build operations Thread 24" [_thread_blocked, id=10448, stack(0x0000000048590000,0x0000000048690000)]
  0x00000000252e2000 JavaThread "build operations Thread 23" [_thread_blocked, id=22760, stack(0x0000000048490000,0x0000000048590000)]
  0x00000000252e1000 JavaThread "build operations Thread 22" [_thread_blocked, id=14008, stack(0x0000000048390000,0x0000000048490000)]
  0x00000000252e0800 JavaThread "build operations Thread 21" [_thread_blocked, id=19656, stack(0x0000000048290000,0x0000000048390000)]
  0x00000000252df000 JavaThread "build operations Thread 20" [_thread_blocked, id=10500, stack(0x0000000048190000,0x0000000048290000)]
  0x00000000252df800 JavaThread "build operations Thread 19" [_thread_blocked, id=22268, stack(0x0000000048090000,0x0000000048190000)]
  0x00000000252de000 JavaThread "build operations Thread 18" [_thread_blocked, id=23328, stack(0x0000000047f90000,0x0000000048090000)]
  0x00000000252dd800 JavaThread "build operations Thread 17" [_thread_blocked, id=18932, stack(0x0000000047e90000,0x0000000047f90000)]
  0x00000000252e3800 JavaThread "build operations Thread 16" [_thread_blocked, id=10440, stack(0x0000000047d90000,0x0000000047e90000)]
  0x00000000252d6000 JavaThread "build operations Thread 15" [_thread_blocked, id=11352, stack(0x0000000047c90000,0x0000000047d90000)]
  0x00000000252dc800 JavaThread "build operations Thread 14" [_thread_blocked, id=15652, stack(0x0000000047b90000,0x0000000047c90000)]
  0x00000000252d5000 JavaThread "build operations Thread 13" [_thread_blocked, id=24252, stack(0x0000000047a90000,0x0000000047b90000)]
  0x00000000252da800 JavaThread "build operations Thread 12" [_thread_blocked, id=15632, stack(0x0000000047990000,0x0000000047a90000)]
  0x00000000252d9800 JavaThread "build operations Thread 11" [_thread_blocked, id=4560, stack(0x0000000047890000,0x0000000047990000)]
  0x00000000252dc000 JavaThread "build operations Thread 10" [_thread_blocked, id=20372, stack(0x0000000047790000,0x0000000047890000)]
  0x00000000252d4800 JavaThread "build operations Thread 9" [_thread_blocked, id=8360, stack(0x0000000047690000,0x0000000047790000)]
  0x00000000252d9000 JavaThread "build operations Thread 8" [_thread_blocked, id=17228, stack(0x0000000047590000,0x0000000047690000)]
  0x00000000252d6800 JavaThread "build operations Thread 7" [_thread_blocked, id=11692, stack(0x0000000047490000,0x0000000047590000)]
  0x00000000252d7800 JavaThread "build operations Thread 6" [_thread_blocked, id=24132, stack(0x0000000047390000,0x0000000047490000)]
  0x00000000252d8000 JavaThread "build operations Thread 5" [_thread_blocked, id=4668, stack(0x0000000047290000,0x0000000047390000)]
  0x0000000021395000 JavaThread "build operations Thread 4" [_thread_blocked, id=22812, stack(0x0000000047190000,0x0000000047290000)]
  0x0000000021394000 JavaThread "build operations Thread 3" [_thread_blocked, id=20596, stack(0x0000000047090000,0x0000000047190000)]
  0x0000000021392800 JavaThread "build operations Thread 2" [_thread_blocked, id=15212, stack(0x0000000046f90000,0x0000000047090000)]
  0x0000000021399800 JavaThread "build operations" [_thread_blocked, id=2280, stack(0x0000000046e90000,0x0000000046f90000)]
  0x0000000021392000 JavaThread "Cache worker for Artifact transforms cache (C:\Users\Bailey Modlin\.gradle\caches\transforms-1)" [_thread_blocked, id=10932, stack(0x0000000046d90000,0x0000000046e90000)]
  0x0000000021393800 JavaThread "Cache worker for file hash cache (C:\Users\Bailey Modlin\Documents\Github\CSCI_490_Project\.gradle\4.4\fileHashes)" [_thread_blocked, id=21640, stack(0x0000000046c90000,0x0000000046d90000)]
  0x0000000021396800 JavaThread "Stdin handler" [_thread_blocked, id=16292, stack(0x0000000046b90000,0x0000000046c90000)]
  0x000000002138b000 JavaThread "Asynchronous log dispatcher for DefaultDaemonConnection: socket connection from /127.0.0.1:56343 to /127.0.0.1:56526" [_thread_blocked, id=8796, stack(0x0000000046a90000,0x0000000046b90000)]
  0x000000002138e000 JavaThread "Cancel handler" [_thread_blocked, id=12292, stack(0x0000000046990000,0x0000000046a90000)]
  0x000000002138a800 JavaThread "Handler for socket connection from /127.0.0.1:56343 to /127.0.0.1:56526" [_thread_in_native, id=22444, stack(0x0000000046890000,0x0000000046990000)]
  0x0000000021390800 JavaThread "ForkJoinPool.commonPool-worker-8" daemon [_thread_blocked, id=11044, stack(0x0000000045490000,0x0000000045590000)]
  0x000000002138d800 JavaThread "ForkJoinPool.commonPool-worker-15" daemon [_thread_blocked, id=21512, stack(0x0000000045390000,0x0000000045490000)]
  0x000000002138f000 JavaThread "ForkJoinPool.commonPool-worker-22" daemon [_thread_blocked, id=12216, stack(0x0000000045290000,0x0000000045390000)]
  0x000000002138c800 JavaThread "ForkJoinPool.commonPool-worker-29" daemon [_thread_blocked, id=7180, stack(0x0000000045190000,0x0000000045290000)]
  0x000000002138c000 JavaThread "ForkJoinPool.commonPool-worker-4" daemon [_thread_blocked, id=23800, stack(0x0000000045090000,0x0000000045190000)]
  0x0000000021851800 JavaThread "ForkJoinPool.commonPool-worker-11" daemon [_thread_blocked, id=14708, stack(0x0000000040690000,0x0000000040790000)]
  0x0000000025702000 JavaThread "Daemon worker Thread 3" [_thread_blocked, id=11640, stack(0x0000000038c90000,0x0000000038d90000)]
  0x0000000025701000 JavaThread "Daemon Thread 3" [_thread_blocked, id=18636, stack(0x0000000038990000,0x0000000038a90000)]
  0x0000000021857800 JavaThread "Memory manager" [_thread_blocked, id=17528, stack(0x0000000028ca0000,0x0000000028da0000)]
  0x000000001ffcc000 JavaThread "File lock request listener" [_thread_in_native, id=18708, stack(0x00000000225a0000,0x00000000226a0000)]
  0x0000000020243000 JavaThread "Cache worker for file hash cache (C:\Users\Bailey Modlin\.gradle\caches\4.4\fileHashes)" [_thread_blocked, id=7772, stack(0x00000000224a0000,0x00000000225a0000)]
  0x000000001fd75000 JavaThread "Daemon periodic checks" [_thread_blocked, id=4948, stack(0x00000000209d0000,0x0000000020ad0000)]
  0x000000001f812800 JavaThread "Incoming local TCP Connector on port 56343" [_thread_in_native, id=14812, stack(0x0000000020790000,0x0000000020890000)]
  0x000000001a83d800 JavaThread "Service Thread" daemon [_thread_blocked, id=11992, stack(0x000000001e880000,0x000000001e980000)]
  0x000000001a795000 JavaThread "C1 CompilerThread14" daemon [_thread_in_native, id=11908, stack(0x000000001e780000,0x000000001e880000)]
  0x000000001a794000 JavaThread "C1 CompilerThread13" daemon [_thread_in_vm, id=21804, stack(0x000000001e680000,0x000000001e780000)]
  0x000000001a793800 JavaThread "C1 CompilerThread12" daemon [_thread_in_native, id=10880, stack(0x000000001e580000,0x000000001e680000)]
  0x000000001a792000 JavaThread "C1 CompilerThread11" daemon [_thread_blocked, id=12708, stack(0x000000001e480000,0x000000001e580000)]
  0x000000001a798800 JavaThread "C1 CompilerThread10" daemon [_thread_blocked, id=23292, stack(0x000000001e380000,0x000000001e480000)]
  0x000000001a797000 JavaThread "C2 CompilerThread9" daemon [_thread_in_native, id=17112, stack(0x000000001e280000,0x000000001e380000)]
  0x000000001a792800 JavaThread "C2 CompilerThread8" daemon [_thread_in_native, id=22588, stack(0x000000001e180000,0x000000001e280000)]
  0x000000001a798000 JavaThread "C2 CompilerThread7" daemon [_thread_in_native, id=2052, stack(0x000000001e080000,0x000000001e180000)]
  0x000000001a781000 JavaThread "C2 CompilerThread6" daemon [_thread_in_native, id=15192, stack(0x000000001df80000,0x000000001e080000)]
  0x000000001a754800 JavaThread "C2 CompilerThread5" daemon [_thread_in_native, id=21340, stack(0x000000001de80000,0x000000001df80000)]
  0x000000001a746800 JavaThread "C2 CompilerThread4" daemon [_thread_in_vm, id=11360, stack(0x000000001dd80000,0x000000001de80000)]
  0x000000001a73c000 JavaThread "C2 CompilerThread3" daemon [_thread_in_native, id=18560, stack(0x000000001dc80000,0x000000001dd80000)]
=>0x000000001a738000 JavaThread "C2 CompilerThread2" daemon [_thread_in_native, id=12740, stack(0x000000001db80000,0x000000001dc80000)]
  0x000000001a736800 JavaThread "C2 CompilerThread1" daemon [_thread_in_native, id=21472, stack(0x000000001da80000,0x000000001db80000)]
  0x00000000181dd800 JavaThread "C2 CompilerThread0" daemon [_thread_in_native, id=17660, stack(0x000000001d980000,0x000000001da80000)]
  0x00000000181dd000 JavaThread "Attach Listener" daemon [_thread_blocked, id=1700, stack(0x000000001d780000,0x000000001d880000)]
  0x00000000181dc000 JavaThread "Signal Dispatcher" daemon [_thread_blocked, id=23160, stack(0x000000001d680000,0x000000001d780000)]
  0x000000001a730000 JavaThread "Finalizer" daemon [_thread_blocked, id=14836, stack(0x000000001d490000,0x000000001d590000)]
  0x000000001a705800 JavaThread "Reference Handler" daemon [_thread_blocked, id=15520, stack(0x000000001d390000,0x000000001d490000)]
  0x0000000001d0e800 JavaThread "main" [_thread_blocked, id=22772, stack(0x0000000001e00000,0x0000000001f00000)]

Other Threads:
  0x00000000181c2800 VMThread [stack: 0x000000001d290000,0x000000001d390000] [id=15368]
  0x000000001a83e800 WatcherThread [stack: 0x000000001e980000,0x000000001ea80000] [id=22868]

VM state:not at safepoint (normal execution)

VM Mutex/Monitor currently owned by a thread:  ([mutex/lock_event])
[0x0000000003410fd0] CompileStatistics_lock - owner thread: 0x0000000000000000
[0x0000000003410cd0] Compile_lock - owner thread: 0x000000001a798800

Heap:
 PSYoungGen      total 484352K, used 440206K [0x00000000e0000000, 0x0000000100000000, 0x0000000100000000)
  eden space 443904K, 96% used [0x00000000e0000000,0x00000000fa47d5d8,0x00000000fb180000)
  from space 40448K, 23% used [0x00000000fd880000,0x00000000fe1e64f8,0x0000000100000000)
  to   space 39936K, 0% used [0x00000000fb180000,0x00000000fb180000,0x00000000fd880000)
 ParOldGen       total 192512K, used 61740K [0x00000000a0000000, 0x00000000abc00000, 0x00000000e0000000)
  object space 192512K, 32% used [0x00000000a0000000,0x00000000a3c4b088,0x00000000abc00000)
 Metaspace       used 87611K, capacity 93784K, committed 94040K, reserved 1130496K
  class space    used 11453K, capacity 12617K, committed 12672K, reserved 1048576K

Card table byte_map: [0x00000000128d0000,0x0000000012be0000] byte_map_base: 0x00000000123d0000

Marking Bits: (ParMarkBitMap*) 0x0000000053564970
 Begin Bits: [0x00000000144e0000, 0x0000000015ce0000)
 End Bits:   [0x0000000015ce0000, 0x00000000174e0000)

Polling page: 0x0000000001320000

CodeCache: size=245760Kb used=54538Kb max_used=54538Kb free=191221Kb
 bounds [0x0000000003510000, 0x0000000006aa0000, 0x0000000012510000]
 total_blobs=16421 nmethods=15570 adapters=759
 compilation: enabled

Compilation events (10 events):
Event: 1162.457 Thread 0x000000001a793800 nmethod 19175 0x0000000006a60190 code [0x0000000006a603a0, 0x0000000006a60958]
Event: 1162.458 Thread 0x000000001a795000 nmethod 19133 0x0000000006a60cd0 code [0x0000000006a60e40, 0x0000000006a60fc8]
Event: 1162.458 Thread 0x000000001a793800 19163       3       com.android.tools.r8.com.google.common.collect.ImmutableCollection$Builder::expandedCapacity (45 bytes)
Event: 1162.458 Thread 0x000000001a795000 18894       3       java.util.function.BinaryOperator::maxBy (12 bytes)
Event: 1162.458 Thread 0x000000001a793800 nmethod 19163 0x0000000006a61050 code [0x0000000006a611e0, 0x0000000006a614d8]
Event: 1162.458 Thread 0x000000001a793800 19187       2       com.android.tools.r8.ir.optimize.CodeRewriter$CSEExpressionEquivalence::doHash (163 bytes)
Event: 1162.458 Thread 0x000000001a795000 nmethod 18894 0x0000000006a61610 code [0x0000000006a617c0, 0x0000000006a61e28]
Event: 1162.458 Thread 0x000000001a792000 nmethod 19182 0x0000000006a62150 code [0x0000000006a62420, 0x0000000006a62f18]
Event: 1162.458 Thread 0x000000001a795000 19185       1       com.android.tools.r8.com.google.common.collect.AbstractMapBasedMultimap::access$000 (5 bytes)
Event: 1162.458 Thread 0x000000001a792000 19184       2       com.android.tools.r8.ir.code.CatchHandlers::equals (59 bytes)

GC Heap History (10 events):
Event: 850.120 GC heap before
{Heap before GC invocations=13 (full 3):
 PSYoungGen      total 249344K, used 224768K [0x00000000e0000000, 0x00000000f1800000, 0x0000000100000000)
  eden space 224768K, 100% used [0x00000000e0000000,0x00000000edb80000,0x00000000edb80000)
  from space 24576K, 0% used [0x00000000edb80000,0x00000000edb80000,0x00000000ef380000)
  to   space 25088K, 0% used [0x00000000eff80000,0x00000000eff80000,0x00000000f1800000)
 ParOldGen       total 192512K, used 28608K [0x00000000a0000000, 0x00000000abc00000, 0x00000000e0000000)
  object space 192512K, 14% used [0x00000000a0000000,0x00000000a1bf00b0,0x00000000abc00000)
 Metaspace       used 62477K, capacity 64452K, committed 64600K, reserved 1105920K
  class space    used 8273K, capacity 8783K, committed 8832K, reserved 1048576K
Event: 850.129 GC heap after
Heap after GC invocations=13 (full 3):
 PSYoungGen      total 259072K, used 23183K [0x00000000e0000000, 0x00000000f7e80000, 0x0000000100000000)
  eden space 233984K, 0% used [0x00000000e0000000,0x00000000e0000000,0x00000000ee480000)
  from space 25088K, 92% used [0x00000000eff80000,0x00000000f1623d40,0x00000000f1800000)
  to   space 27648K, 0% used [0x00000000ee480000,0x00000000ee480000,0x00000000eff80000)
 ParOldGen       total 192512K, used 28616K [0x00000000a0000000, 0x00000000abc00000, 0x00000000e0000000)
  object space 192512K, 14% used [0x00000000a0000000,0x00000000a1bf20b0,0x00000000abc00000)
 Metaspace       used 62477K, capacity 64452K, committed 64600K, reserved 1105920K
  class space    used 8273K, capacity 8783K, committed 8832K, reserved 1048576K
}
Event: 1111.944 GC heap before
{Heap before GC invocations=14 (full 3):
 PSYoungGen      total 259072K, used 257167K [0x00000000e0000000, 0x00000000f7e80000, 0x0000000100000000)
  eden space 233984K, 100% used [0x00000000e0000000,0x00000000ee480000,0x00000000ee480000)
  from space 25088K, 92% used [0x00000000eff80000,0x00000000f1623d40,0x00000000f1800000)
  to   space 27648K, 0% used [0x00000000ee480000,0x00000000ee480000,0x00000000eff80000)
 ParOldGen       total 192512K, used 28616K [0x00000000a0000000, 0x00000000abc00000, 0x00000000e0000000)
  object space 192512K, 14% used [0x00000000a0000000,0x00000000a1bf20b0,0x00000000abc00000)
 Metaspace       used 67652K, capacity 70226K, committed 70360K, reserved 1110016K
  class space    used 8803K, capacity 9444K, committed 9472K, reserved 1048576K
Event: 1111.955 GC heap after
Heap after GC invocations=14 (full 3):
 PSYoungGen      total 261632K, used 27641K [0x00000000e0000000, 0x00000000f8e00000, 0x0000000100000000)
  eden space 233984K, 0% used [0x00000000e0000000,0x00000000e0000000,0x00000000ee480000)
  from space 27648K, 99% used [0x00000000ee480000,0x00000000eff7e7f8,0x00000000eff80000)
  to   space 31744K, 0% used [0x00000000f6f00000,0x00000000f6f00000,0x00000000f8e00000)
 ParOldGen       total 192512K, used 29690K [0x00000000a0000000, 0x00000000abc00000, 0x00000000e0000000)
  object space 192512K, 15% used [0x00000000a0000000,0x00000000a1cfeb28,0x00000000abc00000)
 Metaspace       used 67652K, capacity 70226K, committed 70360K, reserved 1110016K
  class space    used 8803K, capacity 9444K, committed 9472K, reserved 1048576K
}
Event: 1138.831 GC heap before
{Heap before GC invocations=15 (full 3):
 PSYoungGen      total 261632K, used 261625K [0x00000000e0000000, 0x00000000f8e00000, 0x0000000100000000)
  eden space 233984K, 100% used [0x00000000e0000000,0x00000000ee480000,0x00000000ee480000)
  from space 27648K, 99% used [0x00000000ee480000,0x00000000eff7e7f8,0x00000000eff80000)
  to   space 31744K, 0% used [0x00000000f6f00000,0x00000000f6f00000,0x00000000f8e00000)
 ParOldGen       total 192512K, used 29690K [0x00000000a0000000, 0x00000000abc00000, 0x00000000e0000000)
  object space 192512K, 15% used [0x00000000a0000000,0x00000000a1cfeb28,0x00000000abc00000)
 Metaspace       used 72950K, capacity 75752K, committed 75864K, reserved 1116160K
  class space    used 9412K, capacity 10107K, committed 10112K, reserved 1048576K
Event: 1138.852 GC heap after
Heap after GC invocations=15 (full 3):
 PSYoungGen      total 368128K, used 31734K [0x00000000e0000000, 0x00000000f9380000, 0x0000000100000000)
  eden space 336384K, 0% used [0x00000000e0000000,0x00000000e0000000,0x00000000f4880000)
  from space 31744K, 99% used [0x00000000f6f00000,0x00000000f8dfdae8,0x00000000f8e00000)
  to   space 38400K, 0% used [0x00000000f4880000,0x00000000f4880000,0x00000000f6e00000)
 ParOldGen       total 192512K, used 36718K [0x00000000a0000000, 0x00000000abc00000, 0x00000000e0000000)
  object space 192512K, 19% used [0x00000000a0000000,0x00000000a23dbb30,0x00000000abc00000)
 Metaspace       used 72950K, capacity 75752K, committed 75864K, reserved 1116160K
  class space    used 9412K, capacity 10107K, committed 10112K, reserved 1048576K
}
Event: 1141.844 GC heap before
{Heap before GC invocations=16 (full 3):
 PSYoungGen      total 368128K, used 367567K [0x00000000e0000000, 0x00000000f9380000, 0x0000000100000000)
  eden space 336384K, 99% used [0x00000000e0000000,0x00000000f47f6128,0x00000000f4880000)
  from space 31744K, 99% used [0x00000000f6f00000,0x00000000f8dfdae8,0x00000000f8e00000)
  to   space 38400K, 0% used [0x00000000f4880000,0x00000000f4880000,0x00000000f6e00000)
 ParOldGen       total 192512K, used 36718K [0x00000000a0000000, 0x00000000abc00000, 0x00000000e0000000)
  object space 192512K, 19% used [0x00000000a0000000,0x00000000a23dbb30,0x00000000abc00000)
 Metaspace       used 84195K, capacity 89822K, committed 90072K, reserved 1126400K
  class space    used 11091K, capacity 12200K, committed 12288K, reserved 1048576K
Event: 1141.868 GC heap after
Heap after GC invocations=16 (full 3):
 PSYoungGen      total 374784K, used 29213K [0x00000000e0000000, 0x0000000100000000, 0x0000000100000000)
  eden space 336384K, 0% used [0x00000000e0000000,0x00000000e0000000,0x00000000f4880000)
  from space 38400K, 76% used [0x00000000f4880000,0x00000000f6507590,0x00000000f6e00000)
  to   space 40448K, 0% used [0x00000000fd880000,0x00000000fd880000,0x0000000100000000)
 ParOldGen       total 192512K, used 54894K [0x00000000a0000000, 0x00000000abc00000, 0x00000000e0000000)
  object space 192512K, 28% used [0x00000000a0000000,0x00000000a359bb40,0x00000000abc00000)
 Metaspace       used 84195K, capacity 89822K, committed 90072K, reserved 1126400K
  class space    used 11091K, capacity 12200K, committed 12288K, reserved 1048576K
}
Event: 1159.947 GC heap before
{Heap before GC invocations=17 (full 3):
 PSYoungGen      total 374784K, used 365597K [0x00000000e0000000, 0x0000000100000000, 0x0000000100000000)
  eden space 336384K, 100% used [0x00000000e0000000,0x00000000f4880000,0x00000000f4880000)
  from space 38400K, 76% used [0x00000000f4880000,0x00000000f6507590,0x00000000f6e00000)
  to   space 40448K, 0% used [0x00000000fd880000,0x00000000fd880000,0x0000000100000000)
 ParOldGen       total 192512K, used 54894K [0x00000000a0000000, 0x00000000abc00000, 0x00000000e0000000)
  object space 192512K, 28% used [0x00000000a0000000,0x00000000a359bb40,0x00000000abc00000)
 Metaspace       used 84948K, capacity 90816K, committed 90968K, reserved 1128448K
  class space    used 11213K, capacity 12367K, committed 12416K, reserved 1048576K
Event: 1159.956 GC heap after
Heap after GC invocations=17 (full 3):
 PSYoungGen      total 484352K, used 9625K [0x00000000e0000000, 0x0000000100000000, 0x0000000100000000)
  eden space 443904K, 0% used [0x00000000e0000000,0x00000000e0000000,0x00000000fb180000)
  from space 40448K, 23% used [0x00000000fd880000,0x00000000fe1e64f8,0x0000000100000000)
  to   space 39936K, 0% used [0x00000000fb180000,0x00000000fb180000,0x00000000fd880000)
 ParOldGen       total 192512K, used 61740K [0x00000000a0000000, 0x00000000abc00000, 0x00000000e0000000)
  object space 192512K, 32% used [0x00000000a0000000,0x00000000a3c4b088,0x00000000abc00000)
 Metaspace       used 84948K, capacity 90816K, committed 90968K, reserved 1128448K
  class space    used 11213K, capacity 12367K, committed 12416K, reserved 1048576K
}

Deoptimization events (10 events):
Event: 1162.257 Thread 0x0000000025702800 Uncommon trap: reason=bimorphic action=maybe_recompile pc=0x0000000006401d94 method=java.util.stream.MatchOps$1MatchSink.accept(Ljava/lang/Object;)V @ 12
Event: 1162.259 Thread 0x0000000029235000 Uncommon trap: reason=predicate action=maybe_recompile pc=0x00000000064b89c0 method=java.util.TimSort.mergeLo(IIII)V @ 153
Event: 1162.310 Thread 0x0000000028ec8000 Uncommon trap: reason=unstable_if action=reinterpret pc=0x00000000068e9568 method=com.android.tools.r8.ir.conversion.JarSourceCode.getDebugPositionAtOffset(I)Lcom/android/tools/r8/ir/code/Position; @ 58
Event: 1162.366 Thread 0x000000002bf7b800 Uncommon trap: reason=unstable_if action=reinterpret pc=0x000000000693062c method=java.util.TimSort.mergeCollapse()V @ 61
Event: 1162.366 Thread 0x000000002bf7b800 Uncommon trap: reason=array_check action=maybe_recompile pc=0x0000000006913938 method=java.util.TimSort.mergeLo(IIII)V @ 133
Event: 1162.366 Thread 0x000000002bf7b800 Uncommon trap: reason=array_check action=maybe_recompile pc=0x00000000069137e8 method=java.util.TimSort.mergeLo(IIII)V @ 375
Event: 1162.366 Thread 0x000000002bf7b800 Uncommon trap: reason=array_check action=maybe_recompile pc=0x0000000006913938 method=java.util.TimSort.mergeLo(IIII)V @ 133
Event: 1162.404 Thread 0x00000000231a9000 Uncommon trap: reason=unstable_if action=reinterpret pc=0x000000000697745c method=com.android.tools.r8.com.google.common.collect.ImmutableSet.construct(I[Ljava/lang/Object;)Lcom/android/tools/r8/com/google/common/collect/ImmutableSet; @ 201
Event: 1162.404 Thread 0x00000000231a9000 Uncommon trap: reason=unstable_if action=reinterpret pc=0x000000000587d040 method=java.util.ArrayList.remove(Ljava/lang/Object;)Z @ 46
Event: 1162.451 Thread 0x00000000231a2800 Uncommon trap: reason=unstable_if action=reinterpret pc=0x000000000691747c method=com.android.tools.r8.ir.conversion.JarSourceCode.updateState(Lcom/android/tools/r8/org/objectweb/asm/tree/LdcInsnNode;)V @ 61

Classes redefined (0 events):
No events

Internal exceptions (10 events):
Event: 1162.432 Thread 0x000000002bf77000 Exception <a 'sun/nio/fs/WindowsException'> (0x00000000f80f39c8) thrown at [D:\src\AOSP-openjdk-cygwin\jdk8u\hotspot\src\share\vm\prims\jni.cpp, line 709]
Event: 1162.432 Thread 0x0000000028ece000 Exception <a 'sun/nio/fs/WindowsException'> (0x00000000f94244b0) thrown at [D:\src\AOSP-openjdk-cygwin\jdk8u\hotspot\src\share\vm\prims\jni.cpp, line 709]
Event: 1162.433 Thread 0x0000000028ece000 Exception <a 'sun/nio/fs/WindowsException'> (0x00000000f9424c58) thrown at [D:\src\AOSP-openjdk-cygwin\jdk8u\hotspot\src\share\vm\prims\jni.cpp, line 709]
Event: 1162.433 Thread 0x0000000028ece000 Exception <a 'sun/nio/fs/WindowsException'> (0x00000000f94254d8) thrown at [D:\src\AOSP-openjdk-cygwin\jdk8u\hotspot\src\share\vm\prims\jni.cpp, line 709]
Event: 1162.434 Thread 0x0000000021398800 Exception <a 'sun/nio/fs/WindowsException'> (0x00000000f859b5a8) thrown at [D:\src\AOSP-openjdk-cygwin\jdk8u\hotspot\src\share\vm\prims\jni.cpp, line 709]
Event: 1162.438 Thread 0x000000002bf7a000 Exception <a 'sun/nio/fs/WindowsException'> (0x00000000f46a33c8) thrown at [D:\src\AOSP-openjdk-cygwin\jdk8u\hotspot\src\share\vm\prims\jni.cpp, line 709]
Event: 1162.448 Thread 0x000000002bf77000 Exception <a 'sun/nio/fs/WindowsException'> (0x00000000f80f8b50) thrown at [D:\src\AOSP-openjdk-cygwin\jdk8u\hotspot\src\share\vm\prims\jni.cpp, line 709]
Event: 1162.448 Thread 0x0000000028ecd000 Exception <a 'sun/nio/fs/WindowsException'> (0x00000000f7227228) thrown at [D:\src\AOSP-openjdk-cygwin\jdk8u\hotspot\src\share\vm\prims\jni.cpp, line 709]
Event: 1162.455 Thread 0x000000002bf7a000 Exception <a 'sun/nio/fs/WindowsException'> (0x00000000f9e04cf0) thrown at [D:\src\AOSP-openjdk-cygwin\jdk8u\hotspot\src\share\vm\prims\jni.cpp, line 709]
Event: 1162.457 Thread 0x0000000028ece000 Exception <a 'sun/nio/fs/WindowsException'> (0x00000000f942d8b8) thrown at [D:\src\AOSP-openjdk-cygwin\jdk8u\hotspot\src\share\vm\prims\jni.cpp, line 709]

Events (10 events):
Event: 1162.447 Thread 0x0000000028ed3000 Thread exited: 0x0000000028ed3000
Event: 1162.450 Thread 0x0000000021398800 Thread exited: 0x0000000021398800
Event: 1162.450 Thread 0x0000000028ec5000 Thread exited: 0x0000000028ec5000
Event: 1162.450 Thread 0x0000000021398000 Thread exited: 0x0000000021398000
Event: 1162.450 Thread 0x0000000028ecc800 Thread exited: 0x0000000028ecc800
Event: 1162.451 Thread 0x00000000231a2800 Uncommon trap: trap_request=0xffffff65 fr.pc=0x000000000691747c
Event: 1162.452 Thread 0x00000000231a2800 DEOPT PACKING pc=0x000000000691747c sp=0x000000004e38ea20
Event: 1162.452 Thread 0x00000000231a2800 DEOPT UNPACKING pc=0x000000000355557b sp=0x000000004e38e980 mode 2
Event: 1162.453 Thread 0x0000000028ecf800 Thread exited: 0x0000000028ecf800
Event: 1162.453 Thread 0x0000000028ed2800 Thread exited: 0x0000000028ed2800


Dynamic libraries:
0x00007ff70dd70000 - 0x00007ff70dda1000 	C:\Program Files\Android\Android Studio\jre\bin\java.exe
0x00007ffb82a90000 - 0x00007ffb82c71000 	C:\WINDOWS\SYSTEM32\ntdll.dll
0x00007ffb80050000 - 0x00007ffb80102000 	C:\WINDOWS\System32\KERNEL32.DLL
0x00007ffb7fca0000 - 0x00007ffb7ff13000 	C:\WINDOWS\System32\KERNELBASE.dll
0x00007ffb7ff20000 - 0x00007ffb7ffc1000 	C:\WINDOWS\System32\ADVAPI32.dll
0x00007ffb80370000 - 0x00007ffb8040e000 	C:\WINDOWS\System32\msvcrt.dll
0x00007ffb825a0000 - 0x00007ffb825fb000 	C:\WINDOWS\System32\sechost.dll
0x00007ffb81910000 - 0x00007ffb81a34000 	C:\WINDOWS\System32\RPCRT4.dll
0x00007ffb80110000 - 0x00007ffb802a0000 	C:\WINDOWS\System32\USER32.dll
0x00007ffb7fb00000 - 0x00007ffb7fb20000 	C:\WINDOWS\System32\win32u.dll
0x00007ffb81bc0000 - 0x00007ffb81be8000 	C:\WINDOWS\System32\GDI32.dll
0x00007ffb7f910000 - 0x00007ffb7faa2000 	C:\WINDOWS\System32\gdi32full.dll
0x00007ffb7fc00000 - 0x00007ffb7fc9f000 	C:\WINDOWS\System32\msvcp_win.dll
0x00007ffb7f760000 - 0x00007ffb7f85a000 	C:\WINDOWS\System32\ucrtbase.dll
0x00007ffb70450000 - 0x00007ffb706b9000 	C:\WINDOWS\WinSxS\amd64_microsoft.windows.common-controls_6595b64144ccf1df_6.0.17134.228_none_fb4599993062b194\COMCTL32.dll
0x00007ffb82270000 - 0x00007ffb82593000 	C:\WINDOWS\System32\combase.dll
0x00007ffb7fb20000 - 0x00007ffb7fb9a000 	C:\WINDOWS\System32\bcryptPrimitives.dll
0x00007ffb80340000 - 0x00007ffb8036d000 	C:\WINDOWS\System32\IMM32.DLL
0x0000000056680000 - 0x0000000056752000 	C:\Program Files\Android\Android Studio\jre\jre\bin\msvcr100.dll
0x0000000052da0000 - 0x00000000535df000 	C:\Program Files\Android\Android Studio\jre\jre\bin\server\jvm.dll
0x00007ffb81bf0000 - 0x00007ffb81bf8000 	C:\WINDOWS\System32\PSAPI.DLL
0x00007ffb74ff0000 - 0x00007ffb75013000 	C:\WINDOWS\SYSTEM32\WINMM.dll
0x00007ffb77a20000 - 0x00007ffb77a29000 	C:\WINDOWS\SYSTEM32\WSOCK32.dll
0x00007ffb82600000 - 0x00007ffb8266c000 	C:\WINDOWS\System32\WS2_32.dll
0x00007ffb79cd0000 - 0x00007ffb79cda000 	C:\WINDOWS\SYSTEM32\VERSION.dll
0x00007ffb74f10000 - 0x00007ffb74f3a000 	C:\WINDOWS\SYSTEM32\WINMMBASE.dll
0x00007ffb7fab0000 - 0x00007ffb7faf9000 	C:\WINDOWS\System32\cfgmgr32.dll
0x00007ffb75810000 - 0x00007ffb7581f000 	C:\Program Files\Android\Android Studio\jre\jre\bin\verify.dll
0x00007ffb744c0000 - 0x00007ffb744e9000 	C:\Program Files\Android\Android Studio\jre\jre\bin\java.dll
0x00007ffb744a0000 - 0x00007ffb744b6000 	C:\Program Files\Android\Android Studio\jre\jre\bin\zip.dll
0x00007ffb80420000 - 0x00007ffb81860000 	C:\WINDOWS\System32\SHELL32.dll
0x00007ffb81860000 - 0x00007ffb81909000 	C:\WINDOWS\System32\shcore.dll
0x00007ffb7ee60000 - 0x00007ffb7f56d000 	C:\WINDOWS\System32\windows.storage.dll
0x00007ffb82210000 - 0x00007ffb82261000 	C:\WINDOWS\System32\shlwapi.dll
0x00007ffb7ee20000 - 0x00007ffb7ee31000 	C:\WINDOWS\System32\kernel.appcore.dll
0x00007ffb7ee40000 - 0x00007ffb7ee5f000 	C:\WINDOWS\System32\profapi.dll
0x00007ffb7edd0000 - 0x00007ffb7ee1c000 	C:\WINDOWS\System32\powrprof.dll
0x00007ffb7eda0000 - 0x00007ffb7edaa000 	C:\WINDOWS\System32\FLTLIB.DLL
0x00007ffb74480000 - 0x00007ffb7449a000 	C:\Program Files\Android\Android Studio\jre\jre\bin\net.dll
0x00007ffb7e620000 - 0x00007ffb7e686000 	C:\WINDOWS\system32\mswsock.dll
0x00007ffb74460000 - 0x00007ffb74471000 	C:\Program Files\Android\Android Studio\jre\jre\bin\nio.dll
0x00007ffb74a00000 - 0x00007ffb74a1e000 	C:\Users\Bailey Modlin\.gradle\native\25\windows-amd64\native-platform.dll
0x00007ffb74450000 - 0x00007ffb7445d000 	C:\Program Files\Android\Android Studio\jre\jre\bin\management.dll
0x00007ffb7e7d0000 - 0x00007ffb7e7e7000 	C:\WINDOWS\SYSTEM32\CRYPTSP.dll
0x00007ffb7e200000 - 0x00007ffb7e233000 	C:\WINDOWS\system32\rsaenh.dll
0x00007ffb7e900000 - 0x00007ffb7e925000 	C:\WINDOWS\SYSTEM32\bcrypt.dll
0x00007ffb7ecd0000 - 0x00007ffb7ecf8000 	C:\WINDOWS\SYSTEM32\USERENV.dll
0x00007ffb7e7f0000 - 0x00007ffb7e7fb000 	C:\WINDOWS\SYSTEM32\CRYPTBASE.dll
0x00007ffb7e3a0000 - 0x00007ffb7e3d8000 	C:\WINDOWS\SYSTEM32\IPHLPAPI.DLL
0x00007ffb80410000 - 0x00007ffb80418000 	C:\WINDOWS\System32\NSI.dll
0x00007ffb79260000 - 0x00007ffb79276000 	C:\WINDOWS\SYSTEM32\dhcpcsvc6.DLL
0x00007ffb79c30000 - 0x00007ffb79c4a000 	C:\WINDOWS\SYSTEM32\dhcpcsvc.DLL
0x00007ffb7dfa0000 - 0x00007ffb7dfd1000 	C:\WINDOWS\SYSTEM32\ntmarta.dll

VM Arguments:
jvm_args: -Xmx1536m -Dfile.encoding=windows-1252 -Duser.country=US -Duser.language=en -Duser.variant 
java_command: org.gradle.launcher.daemon.bootstrap.GradleDaemon 4.4
java_class_path (initial): C:\Users\Bailey Modlin\.gradle\wrapper\dists\gradle-4.4-all\9br9xq1tocpiv8o6njlyu5op1\gradle-4.4\lib\gradle-launcher-4.4.jar
Launcher Type: SUN_STANDARD

Environment Variables:
PATH=C:\Program Files\Microsoft MPI\Bin\;C:\Program Files (x86)\Razer Chroma SDK\bin;C:\Program Files\Razer Chroma SDK\bin;C:\Windows\system32;C:\Windows;C:\Windows\System32\Wbem;C:\Windows\System32\WindowsPowerShell\v1.0\;C:\Program Files (x86)\NVIDIA Corporation\PhysX\Common;C:\Program Files\dotnet\;C:\Windows\system32\config\systemprofile\AppData\Local\Microsoft\WindowsApps;C:\Program Files\Microsoft SQL Server\130\Tools\Binn\;C:\Program Files\MATLAB\R2018a\bin;C:\Program Files\Git\cmd;C:\Program Files (x86)\GtkSharp\2.12\bin;%SystemRoot%\system32;%SystemRoot%;%SystemRoot%\System32\Wbem;%SYSTEMROOT%\System32\WindowsPowerShell\v1.0\;%SYSTEMROOT%\System32\OpenSSH\;C:\Users\Bailey Modlin\AppData\Local\Microsoft\WindowsApps;C:\Users\Bailey Modlin\AppData\Local\GitHubDesktop\bin
USERNAME=Bailey Modlin
OS=Windows_NT
PROCESSOR_IDENTIFIER=AMD64 Family 23 Model 1 Stepping 1, AuthenticAMD



---------------  S Y S T E M  ---------------

OS: Windows 10.0 , 64 bit Build 17134 (10.0.17134.1)

CPU:total 32 (initial active 32) (32 cores per cpu, 1 threads per core) family 23 model 1 stepping 1, cmov, cx8, fxsr, mmx, sse, sse2, sse3, ssse3, sse4.1, sse4.2, popcnt, avx, avx2, aes, clmul, mmxext, 3dnowpref, lzcnt, sse4a, tsc, tscinvbit, tscinv, bmi1

Memory: 4k page, physical 16649092k(5950452k free), swap 16649092k(56k free)

vm_info: OpenJDK 64-Bit Server VM (25.152-b02) for windows-amd64 JRE (1.8.0_152-release-1024-b02), built by "builder" with MS VC++ 10.0 (VS2010)

time: Mon Aug 27 22:08:26 2018
elapsed time: 1162 seconds (0d 0h 19m 22s)

